Arguments: 
  /usr/bin/node /usr/share/yarn/bin/yarn.js install

PATH: 
  /home/eguneys/.local/bin:/home/eguneys/.yarn/bin:/home/eguneys/.npm-global/bin:/usr/local/sbin:/usr/local/bin:/usr/bin:/home/eguneys/bin:/home/eguneys/.local/bin:/home/eguneys/.yarn/bin:/home/eguneys/.npm-global/bin:/usr/local/sbin:/usr/local/bin:/usr/bin:/home/eguneys/bin:/usr/local/sbin:/usr/local/bin:/usr/sbin:/usr/bin:/sbin:/bin:/usr/games:/usr/local/games:/snap/bin:/home/eguneys/gems/bin:/home/eguneys/.rvm/bin:/home/eguneys/fp/scala/learn/activator-dist-1.3.6:/home/eguneys/bin:/home/eguneys/gems/bin:/home/eguneys/.rvm/bin:/home/eguneys/fp/scala/learn/activator-dist-1.3.6:/home/eguneys/bin:/home/eguneys/gems/bin:/home/eguneys/.rvm/bin:/home/eguneys/fp/scala/learn/activator-dist-1.3.6:/home/eguneys/bin

Yarn version: 
  1.22.4

Node version: 
  14.12.0

Platform: 
  linux x64

Trace: 
  Error: https://registry.yarnpkg.com/@build%2fwebpackProject: Not found
      at Request.params.callback [as _callback] (/usr/share/yarn/lib/cli.js:66987:18)
      at Request.self.callback (/usr/share/yarn/lib/cli.js:140748:22)
      at Request.emit (events.js:314:20)
      at Request.<anonymous> (/usr/share/yarn/lib/cli.js:141720:10)
      at Request.emit (events.js:314:20)
      at IncomingMessage.<anonymous> (/usr/share/yarn/lib/cli.js:141642:12)
      at Object.onceWrapper (events.js:420:28)
      at IncomingMessage.emit (events.js:326:22)
      at endReadableNT (_stream_readable.js:1252:12)
      at processTicksAndRejections (internal/process/task_queues.js:80:21)

npm manifest: 
  {
    "name": "tencon",
    "version": "1.0.0",
    "main": "index.js",
    "scripts": {
      "watch": "tsc-watch",
      "build": "rm -rf lib && tsc",
      "start": "webpack --watch",
      "dev": "webpack",
      "prod": "webpack --env=production"
    },
    "devDependencies": {
      "@build/webpackProject": "1.0.0",
      "@types/uichest": "1.0.0"
    },
    "license": "MIT"
  }

yarn manifest: 
  No manifest

Lockfile: 
  # THIS IS AN AUTOGENERATED FILE. DO NOT EDIT THIS FILE DIRECTLY.
  # yarn lockfile v1
